Category:  coch
Dataset:  all_sw_coch_preprocessed_v2_param_v39_augm_v0_cleaned_8000.pkl
File:  conv.train2225
Description:  timestretching_aug
2021-06-16 16:22:01.311655: I tensorflow/stream_executor/platform/default/dso_loader.cc:49] Successfully opened dynamic library libcudart.so.11.0
WARNING:tensorflow:From /home/alirachidi/classification_algorithm/trainers/main/models/conv/modules/augmentation.py:19: experimental_run_functions_eagerly (from tensorflow.python.eager.def_function) is deprecated and will be removed in a future version.
Instructions for updating:
Use `tf.config.run_functions_eagerly` instead of the experimental version.
2021-06-16 16:22:03.492873: I tensorflow/compiler/jit/xla_cpu_device.cc:41] Not creating XLA devices, tf_xla_enable_xla_devices not set
2021-06-16 16:22:03.493866: I tensorflow/stream_executor/platform/default/dso_loader.cc:49] Successfully opened dynamic library libcuda.so.1
2021-06-16 16:22:03.540667: I tensorflow/stream_executor/cuda/cuda_gpu_executor.cc:941] successful NUMA node read from SysFS had negative value (-1), but there must be at least one NUMA node, so returning NUMA node zero
2021-06-16 16:22:03.541363: I tensorflow/core/common_runtime/gpu/gpu_device.cc:1720] Found device 0 with properties: 
pciBusID: 0000:00:05.0 name: Tesla T4 computeCapability: 7.5
coreClock: 1.59GHz coreCount: 40 deviceMemorySize: 14.75GiB deviceMemoryBandwidth: 298.08GiB/s
2021-06-16 16:22:03.541390: I tensorflow/stream_executor/platform/default/dso_loader.cc:49] Successfully opened dynamic library libcudart.so.11.0
2021-06-16 16:22:03.545047: I tensorflow/stream_executor/platform/default/dso_loader.cc:49] Successfully opened dynamic library libcublas.so.11
2021-06-16 16:22:03.545134: I tensorflow/stream_executor/platform/default/dso_loader.cc:49] Successfully opened dynamic library libcublasLt.so.11
2021-06-16 16:22:03.546227: I tensorflow/stream_executor/platform/default/dso_loader.cc:49] Successfully opened dynamic library libcufft.so.10
2021-06-16 16:22:03.546518: I tensorflow/stream_executor/platform/default/dso_loader.cc:49] Successfully opened dynamic library libcurand.so.10
2021-06-16 16:22:03.547496: I tensorflow/stream_executor/platform/default/dso_loader.cc:49] Successfully opened dynamic library libcusolver.so.10
2021-06-16 16:22:03.548373: I tensorflow/stream_executor/platform/default/dso_loader.cc:49] Successfully opened dynamic library libcusparse.so.11
2021-06-16 16:22:03.548524: I tensorflow/stream_executor/platform/default/dso_loader.cc:49] Successfully opened dynamic library libcudnn.so.8
2021-06-16 16:22:03.548629: I tensorflow/stream_executor/cuda/cuda_gpu_executor.cc:941] successful NUMA node read from SysFS had negative value (-1), but there must be at least one NUMA node, so returning NUMA node zero
2021-06-16 16:22:03.549331: I tensorflow/stream_executor/cuda/cuda_gpu_executor.cc:941] successful NUMA node read from SysFS had negative value (-1), but there must be at least one NUMA node, so returning NUMA node zero
2021-06-16 16:22:03.549950: I tensorflow/core/common_runtime/gpu/gpu_device.cc:1862] Adding visible gpu devices: 0
Tensorflow Version: 2.4.0
Num GPUs Available:  1
-----------------------
Using module: nv/train2225.py
Using train_file: ../../data/datasets/all_sw_coch_preprocessed_v2_param_v39_augm_v0_cleaned_8000.pkl
Job directory: ../../new_cache/conv__2225__06_1621__v39__timestretching_aug
Parameters: {'N_CLASSES': 1, 'SR': 8000, 'BATCH_SIZE': 16, 'LR': 0.001, 'SHAPE': [128, 1250], 'LL2_REG': 0, 'WEIGHT_DECAY': 0.001, 'N_EPOCHS': 65, 'FACTOR': 0.5, 'PATIENCE': 6, 'MIN_LR': 1e-07, 'LABEL_SMOOTHING': 0, 'EPSILON': 1e-07, 'ES_PATIENCE': 20, 'OVERSAMPLE': 0, 'MIN_DELTA': 0, 'PARAM': 'v39', 'EPOCH_START': 1, 'CLAUSE': 0, 'CUBEROOTING': 1, 'NORMALIZING': 1, 'AUGMENTATION': 1, 'TARGET': 1, 'INITIAL_CHANNELS': 1, 'ADAPTIVE_LR': 1, 'CLASS_WEIGHTS': 1, 'SIX': 0, 'CONCAT': 0, 'TESTING': 0}
Augmentation parameters for audio: {'ADD': 1, 'QUANTITY': 148, 'WAV_PATH': 'v41'}
Augmentation parameters for spectrograms: {'ADD': 0, 'QUANTITY': 250, 'TIME_MASKING': 1, 'FREQUENCY_MASKING': 1, 'LOUDNESS': 0}
-----------------------
Collecting Variables...
All variables have been collected.
/home/alirachidi/anaconda3/envs/LungSoundClass/lib/python3.7/site-packages/tensorflow_addons/utils/ensure_tf_install.py:68: UserWarning: Tensorflow Addons supports using Python ops for all Tensorflow versions above or equal to 2.2.0 and strictly below 2.3.0 (nightly versions are not supported). 
 The versions of TensorFlow you are currently using is 2.4.0 and is not supported. 
Some things might work, some things might not.
If you were to encounter a bug, do not file an issue.
If you want to make sure you're using a tested and supported configuration, either change the TensorFlow version or the TensorFlow Addons's version. 
You can find the compatibility matrix in TensorFlow Addon's readme:
https://github.com/tensorflow/addons
  UserWarning,
wandb: W&B syncing is set to `offline` in this directory.  Run `wandb online` or set WANDB_MODE=online to enable cloud syncing.
2021-06-16 16:22:08.168703: I tensorflow/compiler/jit/xla_gpu_device.cc:99] Not creating XLA devices, tf_xla_enable_xla_devices not set
2021-06-16 16:22:08.168941: I tensorflow/stream_executor/cuda/cuda_gpu_executor.cc:941] successful NUMA node read from SysFS had negative value (-1), but there must be at least one NUMA node, so returning NUMA node zero
2021-06-16 16:22:08.169634: I tensorflow/core/common_runtime/gpu/gpu_device.cc:1720] Found device 0 with properties: 
pciBusID: 0000:00:05.0 name: Tesla T4 computeCapability: 7.5
coreClock: 1.59GHz coreCount: 40 deviceMemorySize: 14.75GiB deviceMemoryBandwidth: 298.08GiB/s
2021-06-16 16:22:08.169676: I tensorflow/stream_executor/platform/default/dso_loader.cc:49] Successfully opened dynamic library libcudart.so.11.0
2021-06-16 16:22:08.169726: I tensorflow/stream_executor/platform/default/dso_loader.cc:49] Successfully opened dynamic library libcublas.so.11
2021-06-16 16:22:08.169746: I tensorflow/stream_executor/platform/default/dso_loader.cc:49] Successfully opened dynamic library libcublasLt.so.11
2021-06-16 16:22:08.169765: I tensorflow/stream_executor/platform/default/dso_loader.cc:49] Successfully opened dynamic library libcufft.so.10
2021-06-16 16:22:08.169784: I tensorflow/stream_executor/platform/default/dso_loader.cc:49] Successfully opened dynamic library libcurand.so.10
2021-06-16 16:22:08.169802: I tensorflow/stream_executor/platform/default/dso_loader.cc:49] Successfully opened dynamic library libcusolver.so.10
2021-06-16 16:22:08.169820: I tensorflow/stream_executor/platform/default/dso_loader.cc:49] Successfully opened dynamic library libcusparse.so.11
2021-06-16 16:22:08.169839: I tensorflow/stream_executor/platform/default/dso_loader.cc:49] Successfully opened dynamic library libcudnn.so.8
2021-06-16 16:22:08.169932: I tensorflow/stream_executor/cuda/cuda_gpu_executor.cc:941] successful NUMA node read from SysFS had negative value (-1), but there must be at least one NUMA node, so returning NUMA node zero
2021-06-16 16:22:08.170603: I tensorflow/stream_executor/cuda/cuda_gpu_executor.cc:941] successful NUMA node read from SysFS had negative value (-1), but there must be at least one NUMA node, so returning NUMA node zero
2021-06-16 16:22:08.171236: I tensorflow/core/common_runtime/gpu/gpu_device.cc:1862] Adding visible gpu devices: 0
2021-06-16 16:22:08.171282: I tensorflow/stream_executor/platform/default/dso_loader.cc:49] Successfully opened dynamic library libcudart.so.11.0
2021-06-16 16:22:08.883452: I tensorflow/core/common_runtime/gpu/gpu_device.cc:1261] Device interconnect StreamExecutor with strength 1 edge matrix:
2021-06-16 16:22:08.883500: I tensorflow/core/common_runtime/gpu/gpu_device.cc:1267]      0 
2021-06-16 16:22:08.883509: I tensorflow/core/common_runtime/gpu/gpu_device.cc:1280] 0:   N 
2021-06-16 16:22:08.883809: I tensorflow/stream_executor/cuda/cuda_gpu_executor.cc:941] successful NUMA node read from SysFS had negative value (-1), but there must be at least one NUMA node, so returning NUMA node zero
2021-06-16 16:22:08.884620: I tensorflow/stream_executor/cuda/cuda_gpu_executor.cc:941] successful NUMA node read from SysFS had negative value (-1), but there must be at least one NUMA node, so returning NUMA node zero
2021-06-16 16:22:08.885370: I tensorflow/stream_executor/cuda/cuda_gpu_executor.cc:941] successful NUMA node read from SysFS had negative value (-1), but there must be at least one NUMA node, so returning NUMA node zero
2021-06-16 16:22:08.886008: I tensorflow/core/common_runtime/gpu/gpu_device.cc:1406] Created TensorFlow device (/job:localhost/replica:0/task:0/device:GPU:0 with 13968 MB memory) -> physical GPU (device: 0, name: Tesla T4, pci bus id: 0000:00:05.0, compute capability: 7.5)
Pneumonia patients: 148, Non-pneumonia patients: 2873
-----------------------
Number of train recordings: 2416 with pneumonia: 116 and non-pneumonia: 2300
Length of training samples after audio augmentation: 2532
-----------------------
Number of train recordings: 2532 with pneumonia: 232 and non-pneumonia: 2300
Length of training samples after audio augmentation: 2582
-----------------------
Number of train recordings: 2582 with pneumonia: 232 and non-pneumonia: 2350
Number of val recordings: 605 with pneumonia: 32 and non-pneumonia: 573
-----------------------
Initializing weights...
weights = {0: 0.5257570483814827, 1: 10.20608108108108}
Model: "conv2d"
______________________________________________________________________________________________________________
Layer (type)                        Output Shape            Param #      Connected to                         
==============================================================================================================
input_1 (InputLayer)                [(None, 128, 1250, 1)]  0                                                 
______________________________________________________________________________________________________________
batch_normalization (BatchNormaliza (None, 128, 1250, 1)    4            input_1[0][0]                        
______________________________________________________________________________________________________________
conv2d (Conv2D)                     (None, 128, 1250, 16)   32           batch_normalization[0][0]            
______________________________________________________________________________________________________________
conv2d_2 (Conv2D)                   (None, 128, 1250, 16)   32           batch_normalization[0][0]            
______________________________________________________________________________________________________________
max_pooling2d (MaxPooling2D)        (None, 128, 1250, 1)    0            batch_normalization[0][0]            
______________________________________________________________________________________________________________
conv2d_1 (Conv2D)                   (None, 128, 1250, 16)   2320         conv2d[0][0]                         
______________________________________________________________________________________________________________
conv2d_3 (Conv2D)                   (None, 128, 1250, 16)   6416         conv2d_2[0][0]                       
______________________________________________________________________________________________________________
conv2d_4 (Conv2D)                   (None, 128, 1250, 16)   32           max_pooling2d[0][0]                  
______________________________________________________________________________________________________________
concatenate (Concatenate)           (None, 128, 1250, 48)   0            conv2d_1[0][0]                       
                                                                         conv2d_3[0][0]                       
                                                                         conv2d_4[0][0]                       
______________________________________________________________________________________________________________
average_pooling2d (AveragePooling2D (None, 64, 625, 48)     0            concatenate[0][0]                    
______________________________________________________________________________________________________________
batch_normalization_1 (BatchNormali (None, 64, 625, 48)     192          average_pooling2d[0][0]              
______________________________________________________________________________________________________________
dropout (Dropout)                   (None, 64, 625, 48)     0            batch_normalization_1[0][0]          
______________________________________________________________________________________________________________
inverted_residual (InvertedResidual (None, 64, 625, 32)     35840        dropout[0][0]                        
______________________________________________________________________________________________________________
inverted_residual_1 (InvertedResidu (None, 64, 625, 32)     20864        inverted_residual[0][0]              
______________________________________________________________________________________________________________
average_pooling2d_1 (AveragePooling (None, 32, 312, 32)     0            inverted_residual_1[0][0]            
______________________________________________________________________________________________________________
batch_normalization_2 (BatchNormali (None, 32, 312, 32)     128          average_pooling2d_1[0][0]            
______________________________________________________________________________________________________________
dropout_1 (Dropout)                 (None, 32, 312, 32)     0            batch_normalization_2[0][0]          
______________________________________________________________________________________________________________
inverted_residual_2 (InvertedResidu (None, 32, 312, 64)     27136        dropout_1[0][0]                      
______________________________________________________________________________________________________________
inverted_residual_3 (InvertedResidu (None, 32, 312, 64)     66304        inverted_residual_2[0][0]            
______________________________________________________________________________________________________________
average_pooling2d_2 (AveragePooling (None, 16, 156, 64)     0            inverted_residual_3[0][0]            
______________________________________________________________________________________________________________
batch_normalization_3 (BatchNormali (None, 16, 156, 64)     256          average_pooling2d_2[0][0]            
______________________________________________________________________________________________________________
dropout_2 (Dropout)                 (None, 16, 156, 64)     0            batch_normalization_3[0][0]          
______________________________________________________________________________________________________________
inverted_residual_4 (InvertedResidu (None, 16, 156, 128)    91136        dropout_2[0][0]                      
______________________________________________________________________________________________________________
inverted_residual_5 (InvertedResidu (None, 16, 156, 128)    230912       inverted_residual_4[0][0]            
______________________________________________________________________________________________________________
average_pooling2d_3 (AveragePooling (None, 8, 78, 128)      0            inverted_residual_5[0][0]            
______________________________________________________________________________________________________________
batch_normalization_4 (BatchNormali (None, 8, 78, 128)      512          average_pooling2d_3[0][0]            
______________________________________________________________________________________________________________
dropout_3 (Dropout)                 (None, 8, 78, 128)      0            batch_normalization_4[0][0]          
______________________________________________________________________________________________________________
inverted_residual_6 (InvertedResidu (None, 8, 78, 256)      329728       dropout_3[0][0]                      
______________________________________________________________________________________________________________
inverted_residual_7 (InvertedResidu (None, 8, 78, 256)      855040       inverted_residual_6[0][0]            
______________________________________________________________________________________________________________
average_pooling2d_4 (AveragePooling (None, 4, 39, 256)      0            inverted_residual_7[0][0]            
______________________________________________________________________________________________________________
batch_normalization_5 (BatchNormali (None, 4, 39, 256)      1024         average_pooling2d_4[0][0]            
______________________________________________________________________________________________________________
dropout_4 (Dropout)                 (None, 4, 39, 256)      0            batch_normalization_5[0][0]          
______________________________________________________________________________________________________________
inverted_residual_8 (InvertedResidu (None, 4, 39, 512)      1249280      dropout_4[0][0]                      
______________________________________________________________________________________________________________
inverted_residual_9 (InvertedResidu (None, 4, 39, 512)      3282944      inverted_residual_8[0][0]            
______________________________________________________________________________________________________________
global_average_pooling2d (GlobalAve (None, 512)             0            inverted_residual_9[0][0]            
______________________________________________________________________________________________________________
dense (Dense)                       (None, 1)               513          global_average_pooling2d[0][0]       
==============================================================================================================
Total params: 6,200,645
Trainable params: 6,159,139
Non-trainable params: 41,506
______________________________________________________________________________________________________________
2021-06-16 16:22:10.164933: I tensorflow/compiler/mlir/mlir_graph_optimization_pass.cc:116] None of the MLIR optimization passes are enabled (registered 2)
/home/alirachidi/anaconda3/envs/LungSoundClass/lib/python3.7/site-packages/tensorflow/python/data/ops/dataset_ops.py:3504: UserWarning: Even though the tf.config.experimental_run_functions_eagerly option is set, this option does not apply to tf.data functions. tf.data functions are still traced and executed as graphs.
  "Even though the tf.config.experimental_run_functions_eagerly "
2021-06-16 16:22:10.166455: I tensorflow/core/platform/profile_utils/cpu_utils.cc:112] CPU Frequency: 2299995000 Hz
2021-06-16 16:22:10.451755: W tensorflow/core/framework/op_kernel.cc:1763] OP_REQUIRES failed at whole_file_read_ops.cc:116 : Not found: ../../data/txt_datasets/all_sw_coch_preprocessed_v2_param_v41_augm_v0_cleaned_8000/icbhi_186_2b4_Lr_mc_AKGC417L_3.txt; No such file or directory
Epoch 1/65
2021-06-16 16:22:10.544349: W tensorflow/core/framework/op_kernel.cc:1763] OP_REQUIRES failed at whole_file_read_ops.cc:116 : Not found: ../../data/txt_datasets/all_sw_coch_preprocessed_v2_param_v41_augm_v0_cleaned_8000/icbhi_160_1b3_Ar_mc_AKGC417L_1.txt; No such file or directory
Traceback (most recent call last):
  File "/home/alirachidi/anaconda3/envs/LungSoundClass/lib/python3.7/site-packages/tensorflow/python/eager/context.py", line 2113, in execution_mode
    yield
  File "/home/alirachidi/anaconda3/envs/LungSoundClass/lib/python3.7/site-packages/tensorflow/python/data/ops/iterator_ops.py", line 733, in _next_internal
    output_shapes=self._flat_output_shapes)
  File "/home/alirachidi/anaconda3/envs/LungSoundClass/lib/python3.7/site-packages/tensorflow/python/ops/gen_dataset_ops.py", line 2579, in iterator_get_next
    _ops.raise_from_not_ok_status(e, name)
  File "/home/alirachidi/anaconda3/envs/LungSoundClass/lib/python3.7/site-packages/tensorflow/python/framework/ops.py", line 6862, in raise_from_not_ok_status
    six.raise_from(core._status_to_exception(e.code, message), None)
  File "<string>", line 3, in raise_from
tensorflow.python.framework.errors_impl.NotFoundError: ../../data/txt_datasets/all_sw_coch_preprocessed_v2_param_v41_augm_v0_cleaned_8000/icbhi_186_2b4_Lr_mc_AKGC417L_3.txt; No such file or directory
	 [[{{node ReadFile}}]] [Op:IteratorGetNext]

During handling of the above exception, another exception occurred:

Traceback (most recent call last):
  File "/home/alirachidi/anaconda3/envs/LungSoundClass/lib/python3.7/runpy.py", line 193, in _run_module_as_main
    "__main__", mod_spec)
  File "/home/alirachidi/anaconda3/envs/LungSoundClass/lib/python3.7/runpy.py", line 85, in _run_code
    exec(code, run_globals)
  File "/home/alirachidi/classification_algorithm/trainers/main/models/conv/train2225.py", line 504, in <module>
    train_model(train_file, job_dir, params, wav_params, spec_params, model9)
  File "/home/alirachidi/classification_algorithm/trainers/main/models/conv/train2225.py", line 447, in train_model
    callbacks=[metrics_callback]
  File "/home/alirachidi/anaconda3/envs/LungSoundClass/lib/python3.7/site-packages/wandb/integration/keras/keras.py", line 124, in new_v2
    return old_v2(*args, **kwargs)
  File "/home/alirachidi/anaconda3/envs/LungSoundClass/lib/python3.7/site-packages/tensorflow/python/keras/engine/training.py", line 1100, in fit
    tmp_logs = self.train_function(iterator)
  File "/home/alirachidi/anaconda3/envs/LungSoundClass/lib/python3.7/site-packages/tensorflow/python/keras/engine/training.py", line 805, in train_function
    return step_function(self, iterator)
  File "/home/alirachidi/anaconda3/envs/LungSoundClass/lib/python3.7/site-packages/tensorflow/python/keras/engine/training.py", line 794, in step_function
    data = next(iterator)
  File "/home/alirachidi/anaconda3/envs/LungSoundClass/lib/python3.7/site-packages/tensorflow/python/data/ops/iterator_ops.py", line 747, in __next__
    return self._next_internal()
  File "/home/alirachidi/anaconda3/envs/LungSoundClass/lib/python3.7/site-packages/tensorflow/python/data/ops/iterator_ops.py", line 739, in _next_internal
    return structure.from_compatible_tensor_list(self._element_spec, ret)
  File "/home/alirachidi/anaconda3/envs/LungSoundClass/lib/python3.7/contextlib.py", line 130, in __exit__
    self.gen.throw(type, value, traceback)
  File "/home/alirachidi/anaconda3/envs/LungSoundClass/lib/python3.7/site-packages/tensorflow/python/eager/context.py", line 2116, in execution_mode
    executor_new.wait()
  File "/home/alirachidi/anaconda3/envs/LungSoundClass/lib/python3.7/site-packages/tensorflow/python/eager/executor.py", line 69, in wait
    pywrap_tfe.TFE_ExecutorWaitForAllPendingNodes(self._handle)
tensorflow.python.framework.errors_impl.NotFoundError: ../../data/txt_datasets/all_sw_coch_preprocessed_v2_param_v41_augm_v0_cleaned_8000/icbhi_186_2b4_Lr_mc_AKGC417L_3.txt; No such file or directory
	 [[{{node ReadFile}}]]
2021-06-16 16:22:10.588205: W tensorflow/core/framework/op_kernel.cc:1763] OP_REQUIRES failed at whole_file_read_ops.cc:116 : Not found: ../../data/txt_datasets/all_sw_coch_preprocessed_v2_param_v41_augm_v0_cleaned_8000/icbhi_200_2p3_Pl_mc_AKGC417L_1.txt; No such file or directory
wandb: Waiting for W&B process to finish, PID 11213
wandb: Program failed with code 1. 
wandb: Find user logs for this run at: /home/alirachidi/classification_algorithm/trainers/main/wandb/offline-run-20210616_162203-1kwdv5w2/logs/debug.log
wandb: Find internal logs for this run at: /home/alirachidi/classification_algorithm/trainers/main/wandb/offline-run-20210616_162203-1kwdv5w2/logs/debug-internal.log
wandb: You can sync this run to the cloud by running:
wandb: wandb sync /home/alirachidi/classification_algorithm/trainers/main/wandb/offline-run-20210616_162203-1kwdv5w2


 See logs at ../../new_cache/conv__2225__06_1621__v39__timestretching_aug/logs/